<!DOCTYPE html>

<html>
  <head>
  <meta charset='utf-8'>
  <title>TestNG reports</title>

    <link type="text/css" href="testng-reports.css" rel="stylesheet" />
    <script type="text/javascript" src="jquery-1.7.1.min.js"></script>
    <script type="text/javascript" src="testng-reports.js"></script>
    <script type="text/javascript" src="https://www.google.com/jsapi"></script>
    <script type='text/javascript'>
      google.load('visualization', '1', {packages:['table']});
      google.setOnLoadCallback(drawTable);
      var suiteTableInitFunctions = new Array();
      var suiteTableData = new Array();
    </script>
    <!--
      <script type="text/javascript" src="jquery-ui/js/jquery-ui-1.8.16.custom.min.js"></script>
     -->
  </head>

  <body>
    <div class="top-banner-root">
      <span class="top-banner-title-font">Test results</span>
      <br/>
      <span class="top-banner-font-1">1 suite, 4 failed tests</span>
    </div> <!-- top-banner-root -->
    <div class="navigator-root">
      <div class="navigator-suite-header">
        <span>All suites</span>
        <a href="#" class="collapse-all-link" title="Collapse/expand all the suites">
          <img class="collapse-all-icon" src="collapseall.gif">
          </img> <!-- collapse-all-icon -->
        </a> <!-- collapse-all-link -->
      </div> <!-- navigator-suite-header -->
      <div class="suite">
        <div class="rounded-window">
          <div class="suite-header light-rounded-window-top">
            <a href="#" class="navigator-link" panel-name="suite-nopCommerce_Regression_Test_Suite">
              <span class="suite-name border-failed">nopCommerce Regression Test Suite</span>
            </a> <!-- navigator-link -->
          </div> <!-- suite-header light-rounded-window-top -->
          <div class="navigator-suite-content">
            <div class="suite-section-title">
              <span>Info</span>
            </div> <!-- suite-section-title -->
            <div class="suite-section-content">
              <ul>
                <li>
                  <a href="#" class="navigator-link " panel-name="test-xml-nopCommerce_Regression_Test_Suite">
                    <span>C:\Users\Elshat\Documents\PageObjectModelAutomationFramework\src\test\testrunner\testng.xml</span>
                  </a> <!-- navigator-link  -->
                </li>
                <li>
                  <a href="#" class="navigator-link " panel-name="testlist-nopCommerce_Regression_Test_Suite">
                    <span class="test-stats">4 tests</span>
                  </a> <!-- navigator-link  -->
                </li>
                <li>
                  <a href="#" class="navigator-link " panel-name="group-nopCommerce_Regression_Test_Suite">
                    <span>0 groups</span>
                  </a> <!-- navigator-link  -->
                </li>
                <li>
                  <a href="#" class="navigator-link " panel-name="times-nopCommerce_Regression_Test_Suite">
                    <span>Times</span>
                  </a> <!-- navigator-link  -->
                </li>
                <li>
                  <a href="#" class="navigator-link " panel-name="reporter-nopCommerce_Regression_Test_Suite">
                    <span>Reporter output</span>
                  </a> <!-- navigator-link  -->
                </li>
                <li>
                  <a href="#" class="navigator-link " panel-name="ignored-methods-nopCommerce_Regression_Test_Suite">
                    <span>Ignored methods</span>
                  </a> <!-- navigator-link  -->
                </li>
                <li>
                  <a href="#" class="navigator-link " panel-name="chronological-nopCommerce_Regression_Test_Suite">
                    <span>Chronological view</span>
                  </a> <!-- navigator-link  -->
                </li>
              </ul>
            </div> <!-- suite-section-content -->
            <div class="result-section">
              <div class="suite-section-title">
                <span>Results</span>
              </div> <!-- suite-section-title -->
              <div class="suite-section-content">
                <ul>
                  <li>
                    <span class="method-stats">16 methods, 4 failed,   12 passed</span>
                  </li>
                  <li>
                    <span class="method-list-title failed">Failed methods</span>
                    <span class="show-or-hide-methods failed">
                      <a href="#" panel-name="suite-nopCommerce_Regression_Test_Suite" class="hide-methods failed suite-nopCommerce_Regression_Test_Suite"> (hide)</a> <!-- hide-methods failed suite-nopCommerce_Regression_Test_Suite -->
                      <a href="#" panel-name="suite-nopCommerce_Regression_Test_Suite" class="show-methods failed suite-nopCommerce_Regression_Test_Suite"> (show)</a> <!-- show-methods failed suite-nopCommerce_Regression_Test_Suite -->
                    </span>
                    <div class="method-list-content failed suite-nopCommerce_Regression_Test_Suite">
                      <span>
                        <img width="3%" src="failed.png"/>
                        <a href="#" class="method navigator-link" panel-name="suite-nopCommerce_Regression_Test_Suite" title="com.nopcommerce.tests.LoginPageTest" hash-for-method="logoutTest">logoutTest</a> <!-- method navigator-link -->
                      </span>
                      <br/>
                      <span>
                        <img width="3%" src="failed.png"/>
                        <a href="#" class="method navigator-link" panel-name="suite-nopCommerce_Regression_Test_Suite" title="com.nopcommerce.tests.RegisterPageTest" hash-for-method="registerNewUserTest(Female, Ashley, Lang, 10, June, 1980, a@google.com, Facebook, Test#1234)">registerNewUserTest(Female, Ashley, Lang, 10, June, 1980, a@google.com, Facebook, Test#1234)</a> <!-- method navigator-link -->
                      </span>
                      <br/>
                      <span>
                        <img width="3%" src="failed.png"/>
                        <a href="#" class="method navigator-link" panel-name="suite-nopCommerce_Regression_Test_Suite" title="com.nopcommerce.tests.RegisterPageTest" hash-for-method="registerNewUserTest(Female, Katrina, Ferguson, 12, March, 1975, k@yahoo.com, Yahoo, Test@1234)">registerNewUserTest(Female, Katrina, Ferguson, 12, March, 1975, k@yahoo.com, Yahoo, Test@1234)</a> <!-- method navigator-link -->
                      </span>
                      <br/>
                      <span>
                        <img width="3%" src="failed.png"/>
                        <a href="#" class="method navigator-link" panel-name="suite-nopCommerce_Regression_Test_Suite" title="com.nopcommerce.tests.LoginPageTest" hash-for-method="validateUserLoginTest">validateUserLoginTest</a> <!-- method navigator-link -->
                      </span>
                      <br/>
                    </div> <!-- method-list-content failed suite-nopCommerce_Regression_Test_Suite -->
                  </li>
                  <li>
                    <span class="method-list-title passed">Passed methods</span>
                    <span class="show-or-hide-methods passed">
                      <a href="#" panel-name="suite-nopCommerce_Regression_Test_Suite" class="hide-methods passed suite-nopCommerce_Regression_Test_Suite"> (hide)</a> <!-- hide-methods passed suite-nopCommerce_Regression_Test_Suite -->
                      <a href="#" panel-name="suite-nopCommerce_Regression_Test_Suite" class="show-methods passed suite-nopCommerce_Regression_Test_Suite"> (show)</a> <!-- show-methods passed suite-nopCommerce_Regression_Test_Suite -->
                    </span>
                    <div class="method-list-content passed suite-nopCommerce_Regression_Test_Suite">
                      <span>
                        <img width="3%" src="passed.png"/>
                        <a href="#" class="method navigator-link" panel-name="suite-nopCommerce_Regression_Test_Suite" title="com.nopcommerce.tests.RegisterPageTest" hash-for-method="registerNewUserTest(Male, John, Smith, 23, December, 1960, j@hotmail.com, Google, Test!1234)">registerNewUserTest(Male, John, Smith, 23, December, 1960, j@hotmail.com, Google, Test!1234)</a> <!-- method navigator-link -->
                      </span>
                      <br/>
                      <span>
                        <img width="3%" src="passed.png"/>
                        <a href="#" class="method navigator-link" panel-name="suite-nopCommerce_Regression_Test_Suite" title="com.nopcommerce.tests.HomePageTest" hash-for-method="validatePageTitleTest">validatePageTitleTest</a> <!-- method navigator-link -->
                      </span>
                      <br/>
                      <span>
                        <img width="3%" src="passed.png"/>
                        <a href="#" class="method navigator-link" panel-name="suite-nopCommerce_Regression_Test_Suite" title="com.nopcommerce.tests.LoginPageTest" hash-for-method="verifyLoginButtonStatusTest">verifyLoginButtonStatusTest</a> <!-- method navigator-link -->
                      </span>
                      <br/>
                      <span>
                        <img width="3%" src="passed.png"/>
                        <a href="#" class="method navigator-link" panel-name="suite-nopCommerce_Regression_Test_Suite" title="com.nopcommerce.tests.HomePageTest" hash-for-method="verifyLoginLinkTest">verifyLoginLinkTest</a> <!-- method navigator-link -->
                      </span>
                      <br/>
                      <span>
                        <img width="3%" src="passed.png"/>
                        <a href="#" class="method navigator-link" panel-name="suite-nopCommerce_Regression_Test_Suite" title="com.nopcommerce.tests.LoginPageTest" hash-for-method="verifyLoginPageNameTest">verifyLoginPageNameTest</a> <!-- method navigator-link -->
                      </span>
                      <br/>
                      <span>
                        <img width="3%" src="passed.png"/>
                        <a href="#" class="method navigator-link" panel-name="suite-nopCommerce_Regression_Test_Suite" title="com.nopcommerce.tests.HomePageTest" hash-for-method="verifyLogoTest">verifyLogoTest</a> <!-- method navigator-link -->
                      </span>
                      <br/>
                      <span>
                        <img width="3%" src="passed.png"/>
                        <a href="#" class="method navigator-link" panel-name="suite-nopCommerce_Regression_Test_Suite" title="com.nopcommerce.tests.SearchPageTest" hash-for-method="verifyManufacturerDropDownListTest">verifyManufacturerDropDownListTest</a> <!-- method navigator-link -->
                      </span>
                      <br/>
                      <span>
                        <img width="3%" src="passed.png"/>
                        <a href="#" class="method navigator-link" panel-name="suite-nopCommerce_Regression_Test_Suite" title="com.nopcommerce.tests.SearchPageTest" hash-for-method="verifyManufacturesListTest">verifyManufacturesListTest</a> <!-- method navigator-link -->
                      </span>
                      <br/>
                      <span>
                        <img width="3%" src="passed.png"/>
                        <a href="#" class="method navigator-link" panel-name="suite-nopCommerce_Regression_Test_Suite" title="com.nopcommerce.tests.LoginPageTest" hash-for-method="verifyRegisterButtonStatusTest">verifyRegisterButtonStatusTest</a> <!-- method navigator-link -->
                      </span>
                      <br/>
                      <span>
                        <img width="3%" src="passed.png"/>
                        <a href="#" class="method navigator-link" panel-name="suite-nopCommerce_Regression_Test_Suite" title="com.nopcommerce.tests.HomePageTest" hash-for-method="verifyRegisterLinkTest">verifyRegisterLinkTest</a> <!-- method navigator-link -->
                      </span>
                      <br/>
                      <span>
                        <img width="3%" src="passed.png"/>
                        <a href="#" class="method navigator-link" panel-name="suite-nopCommerce_Regression_Test_Suite" title="com.nopcommerce.tests.RegisterPageTest" hash-for-method="verifyRegisterPageNameTest">verifyRegisterPageNameTest</a> <!-- method navigator-link -->
                      </span>
                      <br/>
                      <span>
                        <img width="3%" src="passed.png"/>
                        <a href="#" class="method navigator-link" panel-name="suite-nopCommerce_Regression_Test_Suite" title="com.nopcommerce.tests.SearchPageTest" hash-for-method="verifySearchPageNameTest">verifySearchPageNameTest</a> <!-- method navigator-link -->
                      </span>
                      <br/>
                    </div> <!-- method-list-content passed suite-nopCommerce_Regression_Test_Suite -->
                  </li>
                </ul>
              </div> <!-- suite-section-content -->
            </div> <!-- result-section -->
          </div> <!-- navigator-suite-content -->
        </div> <!-- rounded-window -->
      </div> <!-- suite -->
    </div> <!-- navigator-root -->
    <div class="wrapper">
      <div class="main-panel-root">
        <div panel-name="suite-nopCommerce_Regression_Test_Suite" class="panel nopCommerce_Regression_Test_Suite">
          <div class="suite-nopCommerce_Regression_Test_Suite-class-failed">
            <div class="main-panel-header rounded-window-top">
              <img src="failed.png"/>
              <span class="class-name">com.nopcommerce.tests.LoginPageTest</span>
            </div> <!-- main-panel-header rounded-window-top -->
            <div class="main-panel-content rounded-window-bottom">
              <div class="method">
                <div class="method-content">
                  <a name="logoutTest">
                  </a> <!-- logoutTest -->
                  <span class="method-name">logoutTest</span>
                  <div class="stack-trace">org.openqa.selenium.NoSuchElementException: no such element: Unable to locate element: {&quot;method&quot;:&quot;link text&quot;,&quot;selector&quot;:&quot;Log out&quot;}
  (Session info: chrome=87.0.4280.88)
For documentation on this error, please visit: https://www.seleniumhq.org/exceptions/no_such_element.html
Build info: version: &apos;3.141.59&apos;, revision: &apos;e82be7d358&apos;, time: &apos;2018-11-14T08:17:03&apos;
System info: host: &apos;DESKTOP-4TKG998&apos;, ip: &apos;172.30.160.1&apos;, os.name: &apos;Windows 10&apos;, os.arch: &apos;amd64&apos;, os.version: &apos;10.0&apos;, java.version: &apos;1.8.0_221&apos;
Driver info: org.openqa.selenium.chrome.ChromeDriver
Capabilities {acceptInsecureCerts: false, browserName: chrome, browserVersion: 87.0.4280.88, chrome: {chromedriverVersion: 87.0.4280.88 (89e2380a3e36c..., userDataDir: C:\Users\Elshat\AppData\Loc...}, goog:chromeOptions: {debuggerAddress: localhost:59476}, javascriptEnabled: true, networkConnectionEnabled: false, pageLoadStrategy: normal, platform: WINDOWS, platformName: WINDOWS, proxy: Proxy(), setWindowRect: true, strictFileInteractability: false, timeouts: {implicit: 0, pageLoad: 300000, script: 30000}, unhandledPromptBehavior: dismiss and notify, webauthn:virtualAuthenticators: true}
Session ID: a6aaa651a661d05ed6cab5be5bb74ad5
*** Element info: {Using=link text, value=Log out}
	at org.openqa.selenium.remote.http.W3CHttpResponseCodec.createException(W3CHttpResponseCodec.java:187)
	at org.openqa.selenium.remote.http.W3CHttpResponseCodec.decode(W3CHttpResponseCodec.java:122)
	at org.openqa.selenium.remote.http.W3CHttpResponseCodec.decode(W3CHttpResponseCodec.java:49)
	at org.openqa.selenium.remote.HttpCommandExecutor.execute(HttpCommandExecutor.java:158)
	at org.openqa.selenium.remote.service.DriverCommandExecutor.execute(DriverCommandExecutor.java:83)
	at org.openqa.selenium.remote.RemoteWebDriver.execute(RemoteWebDriver.java:552)
	at org.openqa.selenium.remote.RemoteWebDriver.findElement(RemoteWebDriver.java:323)
	at org.openqa.selenium.remote.RemoteWebDriver.findElementByLinkText(RemoteWebDriver.java:380)
	at org.openqa.selenium.By$ByLinkText.findElement(By.java:220)
	at org.openqa.selenium.remote.RemoteWebDriver.findElement(RemoteWebDriver.java:315)
	at com.nopcommerce.utils.ElementUtil.getElement(ElementUtil.java:19)
	at com.nopcommerce.utils.ElementUtil.doClick(ElementUtil.java:31)
	at com.nopcommerce.pages.HomePage.doLogout(HomePage.java:67)
	at com.nopcommerce.tests.LoginPageTest.logoutTest(LoginPageTest.java:41)
	at java.util.concurrent.FutureTask.run(FutureTask.java:266)
	at java.util.concurrent.ThreadPoolExecutor.runWorker(ThreadPoolExecutor.java:1149)
	at java.util.concurrent.ThreadPoolExecutor$Worker.run(ThreadPoolExecutor.java:624)
	at java.lang.Thread.run(Thread.java:748)
... Removed 20 stack frames
</div> <!-- stack-trace -->
                </div> <!-- method-content -->
              </div> <!-- method -->
              <div class="method">
                <div class="method-content">
                  <a name="validateUserLoginTest">
                  </a> <!-- validateUserLoginTest -->
                  <span class="method-name">validateUserLoginTest</span>
                  <div class="stack-trace">org.openqa.selenium.NoSuchElementException: no such element: Unable to locate element: {&quot;method&quot;:&quot;link text&quot;,&quot;selector&quot;:&quot;Log out&quot;}
  (Session info: chrome=87.0.4280.88)
For documentation on this error, please visit: https://www.seleniumhq.org/exceptions/no_such_element.html
Build info: version: &apos;3.141.59&apos;, revision: &apos;e82be7d358&apos;, time: &apos;2018-11-14T08:17:03&apos;
System info: host: &apos;DESKTOP-4TKG998&apos;, ip: &apos;172.30.160.1&apos;, os.name: &apos;Windows 10&apos;, os.arch: &apos;amd64&apos;, os.version: &apos;10.0&apos;, java.version: &apos;1.8.0_221&apos;
Driver info: org.openqa.selenium.chrome.ChromeDriver
Capabilities {acceptInsecureCerts: false, browserName: chrome, browserVersion: 87.0.4280.88, chrome: {chromedriverVersion: 87.0.4280.88 (89e2380a3e36c..., userDataDir: C:\Users\Elshat\AppData\Loc...}, goog:chromeOptions: {debuggerAddress: localhost:59476}, javascriptEnabled: true, networkConnectionEnabled: false, pageLoadStrategy: normal, platform: WINDOWS, platformName: WINDOWS, proxy: Proxy(), setWindowRect: true, strictFileInteractability: false, timeouts: {implicit: 0, pageLoad: 300000, script: 30000}, unhandledPromptBehavior: dismiss and notify, webauthn:virtualAuthenticators: true}
Session ID: a6aaa651a661d05ed6cab5be5bb74ad5
*** Element info: {Using=link text, value=Log out}
	at org.openqa.selenium.remote.http.W3CHttpResponseCodec.createException(W3CHttpResponseCodec.java:187)
	at org.openqa.selenium.remote.http.W3CHttpResponseCodec.decode(W3CHttpResponseCodec.java:122)
	at org.openqa.selenium.remote.http.W3CHttpResponseCodec.decode(W3CHttpResponseCodec.java:49)
	at org.openqa.selenium.remote.HttpCommandExecutor.execute(HttpCommandExecutor.java:158)
	at org.openqa.selenium.remote.service.DriverCommandExecutor.execute(DriverCommandExecutor.java:83)
	at org.openqa.selenium.remote.RemoteWebDriver.execute(RemoteWebDriver.java:552)
	at org.openqa.selenium.remote.RemoteWebDriver.findElement(RemoteWebDriver.java:323)
	at org.openqa.selenium.remote.RemoteWebDriver.findElementByLinkText(RemoteWebDriver.java:380)
	at org.openqa.selenium.By$ByLinkText.findElement(By.java:220)
	at org.openqa.selenium.remote.RemoteWebDriver.findElement(RemoteWebDriver.java:315)
	at com.nopcommerce.utils.ElementUtil.getElement(ElementUtil.java:19)
	at com.nopcommerce.utils.ElementUtil.doIsDisplayed(ElementUtil.java:35)
	at com.nopcommerce.pages.HomePage.verifyLogoutLink(HomePage.java:61)
	at com.nopcommerce.tests.LoginPageTest.validateUserLoginTest(LoginPageTest.java:36)
	at java.util.concurrent.FutureTask.run(FutureTask.java:266)
	at java.util.concurrent.ThreadPoolExecutor.runWorker(ThreadPoolExecutor.java:1149)
	at java.util.concurrent.ThreadPoolExecutor$Worker.run(ThreadPoolExecutor.java:624)
	at java.lang.Thread.run(Thread.java:748)
... Removed 20 stack frames
</div> <!-- stack-trace -->
                </div> <!-- method-content -->
              </div> <!-- method -->
            </div> <!-- main-panel-content rounded-window-bottom -->
          </div> <!-- suite-nopCommerce_Regression_Test_Suite-class-failed -->
          <div class="suite-nopCommerce_Regression_Test_Suite-class-failed">
            <div class="main-panel-header rounded-window-top">
              <img src="failed.png"/>
              <span class="class-name">com.nopcommerce.tests.RegisterPageTest</span>
            </div> <!-- main-panel-header rounded-window-top -->
            <div class="main-panel-content rounded-window-bottom">
              <div class="method">
                <div class="method-content">
                  <a name="registerNewUserTest(Female, Ashley, Lang, 10, June, 1980, a@google.com, Facebook, Test#1234)">
                  </a> <!-- registerNewUserTest(Female, Ashley, Lang, 10, June, 1980, a@google.com, Facebook, Test#1234) -->
                  <span class="method-name">registerNewUserTest</span>
                  <span class="parameters">(Female, Ashley, Lang, 10, June, 1980, a@google.com, Facebook, Test#1234)</span>
                  <div class="stack-trace">org.openqa.selenium.NoSuchElementException: no such element: Unable to locate element: {&quot;method&quot;:&quot;css selector&quot;,&quot;selector&quot;:&quot;*[name=&apos;register-continue&apos;]&quot;}
  (Session info: chrome=87.0.4280.88)
For documentation on this error, please visit: https://www.seleniumhq.org/exceptions/no_such_element.html
Build info: version: &apos;3.141.59&apos;, revision: &apos;e82be7d358&apos;, time: &apos;2018-11-14T08:17:03&apos;
System info: host: &apos;DESKTOP-4TKG998&apos;, ip: &apos;172.30.160.1&apos;, os.name: &apos;Windows 10&apos;, os.arch: &apos;amd64&apos;, os.version: &apos;10.0&apos;, java.version: &apos;1.8.0_221&apos;
Driver info: org.openqa.selenium.chrome.ChromeDriver
Capabilities {acceptInsecureCerts: false, browserName: chrome, browserVersion: 87.0.4280.88, chrome: {chromedriverVersion: 87.0.4280.88 (89e2380a3e36c..., userDataDir: C:\Users\Elshat\AppData\Loc...}, goog:chromeOptions: {debuggerAddress: localhost:59471}, javascriptEnabled: true, networkConnectionEnabled: false, pageLoadStrategy: normal, platform: WINDOWS, platformName: WINDOWS, proxy: Proxy(), setWindowRect: true, strictFileInteractability: false, timeouts: {implicit: 0, pageLoad: 300000, script: 30000}, unhandledPromptBehavior: dismiss and notify, webauthn:virtualAuthenticators: true}
Session ID: 07d1d5f238527d87a9ef3698835dd81b
*** Element info: {Using=name, value=register-continue}
	at org.openqa.selenium.remote.http.W3CHttpResponseCodec.createException(W3CHttpResponseCodec.java:187)
	at org.openqa.selenium.remote.http.W3CHttpResponseCodec.decode(W3CHttpResponseCodec.java:122)
	at org.openqa.selenium.remote.http.W3CHttpResponseCodec.decode(W3CHttpResponseCodec.java:49)
	at org.openqa.selenium.remote.HttpCommandExecutor.execute(HttpCommandExecutor.java:158)
	at org.openqa.selenium.remote.service.DriverCommandExecutor.execute(DriverCommandExecutor.java:83)
	at org.openqa.selenium.remote.RemoteWebDriver.execute(RemoteWebDriver.java:552)
	at org.openqa.selenium.remote.RemoteWebDriver.findElement(RemoteWebDriver.java:323)
	at org.openqa.selenium.remote.RemoteWebDriver.findElementByName(RemoteWebDriver.java:404)
	at org.openqa.selenium.By$ByName.findElement(By.java:284)
	at org.openqa.selenium.remote.RemoteWebDriver.findElement(RemoteWebDriver.java:315)
	at com.nopcommerce.utils.ElementUtil.getElement(ElementUtil.java:19)
	at com.nopcommerce.utils.ElementUtil.doClick(ElementUtil.java:31)
	at com.nopcommerce.pages.RegisterPage.registerNewUser(RegisterPage.java:56)
	at com.nopcommerce.tests.RegisterPageTest.registerNewUserTest(RegisterPageTest.java:24)
	at java.util.concurrent.FutureTask.run(FutureTask.java:266)
	at java.util.concurrent.ThreadPoolExecutor.runWorker(ThreadPoolExecutor.java:1149)
	at java.util.concurrent.ThreadPoolExecutor$Worker.run(ThreadPoolExecutor.java:624)
	at java.lang.Thread.run(Thread.java:748)
... Removed 20 stack frames
</div> <!-- stack-trace -->
                </div> <!-- method-content -->
              </div> <!-- method -->
              <div class="method">
                <div class="method-content">
                  <a name="registerNewUserTest(Female, Katrina, Ferguson, 12, March, 1975, k@yahoo.com, Yahoo, Test@1234)">
                  </a> <!-- registerNewUserTest(Female, Katrina, Ferguson, 12, March, 1975, k@yahoo.com, Yahoo, Test@1234) -->
                  <span class="method-name">registerNewUserTest</span>
                  <span class="parameters">(Female, Katrina, Ferguson, 12, March, 1975, k@yahoo.com, Yahoo, Test@1234)</span>
                  <div class="stack-trace">org.openqa.selenium.NoSuchElementException: no such element: Unable to locate element: {&quot;method&quot;:&quot;css selector&quot;,&quot;selector&quot;:&quot;*[name=&apos;register-continue&apos;]&quot;}
  (Session info: chrome=87.0.4280.88)
For documentation on this error, please visit: https://www.seleniumhq.org/exceptions/no_such_element.html
Build info: version: &apos;3.141.59&apos;, revision: &apos;e82be7d358&apos;, time: &apos;2018-11-14T08:17:03&apos;
System info: host: &apos;DESKTOP-4TKG998&apos;, ip: &apos;172.30.160.1&apos;, os.name: &apos;Windows 10&apos;, os.arch: &apos;amd64&apos;, os.version: &apos;10.0&apos;, java.version: &apos;1.8.0_221&apos;
Driver info: org.openqa.selenium.chrome.ChromeDriver
Capabilities {acceptInsecureCerts: false, browserName: chrome, browserVersion: 87.0.4280.88, chrome: {chromedriverVersion: 87.0.4280.88 (89e2380a3e36c..., userDataDir: C:\Users\Elshat\AppData\Loc...}, goog:chromeOptions: {debuggerAddress: localhost:59471}, javascriptEnabled: true, networkConnectionEnabled: false, pageLoadStrategy: normal, platform: WINDOWS, platformName: WINDOWS, proxy: Proxy(), setWindowRect: true, strictFileInteractability: false, timeouts: {implicit: 0, pageLoad: 300000, script: 30000}, unhandledPromptBehavior: dismiss and notify, webauthn:virtualAuthenticators: true}
Session ID: 07d1d5f238527d87a9ef3698835dd81b
*** Element info: {Using=name, value=register-continue}
	at org.openqa.selenium.remote.http.W3CHttpResponseCodec.createException(W3CHttpResponseCodec.java:187)
	at org.openqa.selenium.remote.http.W3CHttpResponseCodec.decode(W3CHttpResponseCodec.java:122)
	at org.openqa.selenium.remote.http.W3CHttpResponseCodec.decode(W3CHttpResponseCodec.java:49)
	at org.openqa.selenium.remote.HttpCommandExecutor.execute(HttpCommandExecutor.java:158)
	at org.openqa.selenium.remote.service.DriverCommandExecutor.execute(DriverCommandExecutor.java:83)
	at org.openqa.selenium.remote.RemoteWebDriver.execute(RemoteWebDriver.java:552)
	at org.openqa.selenium.remote.RemoteWebDriver.findElement(RemoteWebDriver.java:323)
	at org.openqa.selenium.remote.RemoteWebDriver.findElementByName(RemoteWebDriver.java:404)
	at org.openqa.selenium.By$ByName.findElement(By.java:284)
	at org.openqa.selenium.remote.RemoteWebDriver.findElement(RemoteWebDriver.java:315)
	at com.nopcommerce.utils.ElementUtil.getElement(ElementUtil.java:19)
	at com.nopcommerce.utils.ElementUtil.doClick(ElementUtil.java:31)
	at com.nopcommerce.pages.RegisterPage.registerNewUser(RegisterPage.java:56)
	at com.nopcommerce.tests.RegisterPageTest.registerNewUserTest(RegisterPageTest.java:24)
	at java.util.concurrent.FutureTask.run(FutureTask.java:266)
	at java.util.concurrent.ThreadPoolExecutor.runWorker(ThreadPoolExecutor.java:1149)
	at java.util.concurrent.ThreadPoolExecutor$Worker.run(ThreadPoolExecutor.java:624)
	at java.lang.Thread.run(Thread.java:748)
... Removed 20 stack frames
</div> <!-- stack-trace -->
                </div> <!-- method-content -->
              </div> <!-- method -->
            </div> <!-- main-panel-content rounded-window-bottom -->
          </div> <!-- suite-nopCommerce_Regression_Test_Suite-class-failed -->
          <div class="suite-nopCommerce_Regression_Test_Suite-class-passed">
            <div class="main-panel-header rounded-window-top">
              <img src="passed.png"/>
              <span class="class-name">com.nopcommerce.tests.HomePageTest</span>
            </div> <!-- main-panel-header rounded-window-top -->
            <div class="main-panel-content rounded-window-bottom">
              <div class="method">
                <div class="method-content">
                  <a name="validatePageTitleTest">
                  </a> <!-- validatePageTitleTest -->
                  <span class="method-name">validatePageTitleTest</span>
                </div> <!-- method-content -->
              </div> <!-- method -->
              <div class="method">
                <div class="method-content">
                  <a name="verifyLoginLinkTest">
                  </a> <!-- verifyLoginLinkTest -->
                  <span class="method-name">verifyLoginLinkTest</span>
                </div> <!-- method-content -->
              </div> <!-- method -->
              <div class="method">
                <div class="method-content">
                  <a name="verifyLogoTest">
                  </a> <!-- verifyLogoTest -->
                  <span class="method-name">verifyLogoTest</span>
                </div> <!-- method-content -->
              </div> <!-- method -->
              <div class="method">
                <div class="method-content">
                  <a name="verifyRegisterLinkTest">
                  </a> <!-- verifyRegisterLinkTest -->
                  <span class="method-name">verifyRegisterLinkTest</span>
                </div> <!-- method-content -->
              </div> <!-- method -->
            </div> <!-- main-panel-content rounded-window-bottom -->
          </div> <!-- suite-nopCommerce_Regression_Test_Suite-class-passed -->
          <div class="suite-nopCommerce_Regression_Test_Suite-class-passed">
            <div class="main-panel-header rounded-window-top">
              <img src="passed.png"/>
              <span class="class-name">com.nopcommerce.tests.LoginPageTest</span>
            </div> <!-- main-panel-header rounded-window-top -->
            <div class="main-panel-content rounded-window-bottom">
              <div class="method">
                <div class="method-content">
                  <a name="verifyLoginButtonStatusTest">
                  </a> <!-- verifyLoginButtonStatusTest -->
                  <span class="method-name">verifyLoginButtonStatusTest</span>
                </div> <!-- method-content -->
              </div> <!-- method -->
              <div class="method">
                <div class="method-content">
                  <a name="verifyLoginPageNameTest">
                  </a> <!-- verifyLoginPageNameTest -->
                  <span class="method-name">verifyLoginPageNameTest</span>
                </div> <!-- method-content -->
              </div> <!-- method -->
              <div class="method">
                <div class="method-content">
                  <a name="verifyRegisterButtonStatusTest">
                  </a> <!-- verifyRegisterButtonStatusTest -->
                  <span class="method-name">verifyRegisterButtonStatusTest</span>
                </div> <!-- method-content -->
              </div> <!-- method -->
            </div> <!-- main-panel-content rounded-window-bottom -->
          </div> <!-- suite-nopCommerce_Regression_Test_Suite-class-passed -->
          <div class="suite-nopCommerce_Regression_Test_Suite-class-passed">
            <div class="main-panel-header rounded-window-top">
              <img src="passed.png"/>
              <span class="class-name">com.nopcommerce.tests.SearchPageTest</span>
            </div> <!-- main-panel-header rounded-window-top -->
            <div class="main-panel-content rounded-window-bottom">
              <div class="method">
                <div class="method-content">
                  <a name="verifyManufacturerDropDownListTest">
                  </a> <!-- verifyManufacturerDropDownListTest -->
                  <span class="method-name">verifyManufacturerDropDownListTest</span>
                </div> <!-- method-content -->
              </div> <!-- method -->
              <div class="method">
                <div class="method-content">
                  <a name="verifyManufacturesListTest">
                  </a> <!-- verifyManufacturesListTest -->
                  <span class="method-name">verifyManufacturesListTest</span>
                </div> <!-- method-content -->
              </div> <!-- method -->
              <div class="method">
                <div class="method-content">
                  <a name="verifySearchPageNameTest">
                  </a> <!-- verifySearchPageNameTest -->
                  <span class="method-name">verifySearchPageNameTest</span>
                </div> <!-- method-content -->
              </div> <!-- method -->
            </div> <!-- main-panel-content rounded-window-bottom -->
          </div> <!-- suite-nopCommerce_Regression_Test_Suite-class-passed -->
          <div class="suite-nopCommerce_Regression_Test_Suite-class-passed">
            <div class="main-panel-header rounded-window-top">
              <img src="passed.png"/>
              <span class="class-name">com.nopcommerce.tests.RegisterPageTest</span>
            </div> <!-- main-panel-header rounded-window-top -->
            <div class="main-panel-content rounded-window-bottom">
              <div class="method">
                <div class="method-content">
                  <a name="registerNewUserTest(Male, John, Smith, 23, December, 1960, j@hotmail.com, Google, Test!1234)">
                  </a> <!-- registerNewUserTest(Male, John, Smith, 23, December, 1960, j@hotmail.com, Google, Test!1234) -->
                  <span class="method-name">registerNewUserTest</span>
                  <span class="parameters">(Male, John, Smith, 23, December, 1960, j@hotmail.com, Google, Test!1234)</span>
                </div> <!-- method-content -->
              </div> <!-- method -->
              <div class="method">
                <div class="method-content">
                  <a name="verifyRegisterPageNameTest">
                  </a> <!-- verifyRegisterPageNameTest -->
                  <span class="method-name">verifyRegisterPageNameTest</span>
                </div> <!-- method-content -->
              </div> <!-- method -->
            </div> <!-- main-panel-content rounded-window-bottom -->
          </div> <!-- suite-nopCommerce_Regression_Test_Suite-class-passed -->
        </div> <!-- panel nopCommerce_Regression_Test_Suite -->
        <div panel-name="test-xml-nopCommerce_Regression_Test_Suite" class="panel">
          <div class="main-panel-header rounded-window-top">
            <span class="header-content">C:\Users\Elshat\Documents\PageObjectModelAutomationFramework\src\test\testrunner\testng.xml</span>
          </div> <!-- main-panel-header rounded-window-top -->
          <div class="main-panel-content rounded-window-bottom">
            <pre>
&lt;?xml version=&quot;1.0&quot; encoding=&quot;UTF-8&quot;?&gt;
&lt;!DOCTYPE suite SYSTEM &quot;http://testng.org/testng-1.0.dtd&quot;&gt;
&lt;suite thread-count=&quot;4&quot; guice-stage=&quot;DEVELOPMENT&quot; verbose=&quot;0&quot; name=&quot;nopCommerce Regression Test Suite&quot; parallel=&quot;tests&quot;&gt;
  &lt;listeners&gt;
    &lt;listener class-name=&quot;com.nopcommerce.testlisteners.ExtentReportListener&quot;/&gt;
    &lt;listener class-name=&quot;com.nopcommerce.testlisteners.AllureReportListener&quot;/&gt;
  &lt;/listeners&gt;
  &lt;test thread-count=&quot;4&quot; verbose=&quot;0&quot; name=&quot;Homepage Test&quot; parallel=&quot;tests&quot;&gt;
    &lt;classes&gt;
      &lt;class name=&quot;com.nopcommerce.tests.HomePageTest&quot;/&gt;
    &lt;/classes&gt;
  &lt;/test&gt; &lt;!-- Homepage Test --&gt;
  &lt;test thread-count=&quot;4&quot; verbose=&quot;0&quot; name=&quot;Registerpage Test&quot; parallel=&quot;tests&quot;&gt;
    &lt;classes&gt;
      &lt;class name=&quot;com.nopcommerce.tests.RegisterPageTest&quot;/&gt;
    &lt;/classes&gt;
  &lt;/test&gt; &lt;!-- Registerpage Test --&gt;
  &lt;test thread-count=&quot;4&quot; verbose=&quot;0&quot; name=&quot;Loginpage Test&quot; parallel=&quot;tests&quot;&gt;
    &lt;classes&gt;
      &lt;class name=&quot;com.nopcommerce.tests.LoginPageTest&quot;/&gt;
    &lt;/classes&gt;
  &lt;/test&gt; &lt;!-- Loginpage Test --&gt;
  &lt;test thread-count=&quot;4&quot; verbose=&quot;0&quot; name=&quot;Searchpage Test&quot; parallel=&quot;tests&quot;&gt;
    &lt;classes&gt;
      &lt;class name=&quot;com.nopcommerce.tests.SearchPageTest&quot;/&gt;
    &lt;/classes&gt;
  &lt;/test&gt; &lt;!-- Searchpage Test --&gt;
&lt;/suite&gt; &lt;!-- nopCommerce Regression Test Suite --&gt;
            </pre>
          </div> <!-- main-panel-content rounded-window-bottom -->
        </div> <!-- panel -->
        <div panel-name="testlist-nopCommerce_Regression_Test_Suite" class="panel">
          <div class="main-panel-header rounded-window-top">
            <span class="header-content">Tests for nopCommerce Regression Test Suite</span>
          </div> <!-- main-panel-header rounded-window-top -->
          <div class="main-panel-content rounded-window-bottom">
            <ul>
              <li>
                <span class="test-name">Homepage Test (1 class)</span>
              </li>
              <li>
                <span class="test-name">Registerpage Test (1 class)</span>
              </li>
              <li>
                <span class="test-name">Loginpage Test (1 class)</span>
              </li>
              <li>
                <span class="test-name">Searchpage Test (1 class)</span>
              </li>
            </ul>
          </div> <!-- main-panel-content rounded-window-bottom -->
        </div> <!-- panel -->
        <div panel-name="group-nopCommerce_Regression_Test_Suite" class="panel">
          <div class="main-panel-header rounded-window-top">
            <span class="header-content">Groups for nopCommerce Regression Test Suite</span>
          </div> <!-- main-panel-header rounded-window-top -->
          <div class="main-panel-content rounded-window-bottom">
          </div> <!-- main-panel-content rounded-window-bottom -->
        </div> <!-- panel -->
        <div panel-name="times-nopCommerce_Regression_Test_Suite" class="panel">
          <div class="main-panel-header rounded-window-top">
            <span class="header-content">Times for nopCommerce Regression Test Suite</span>
          </div> <!-- main-panel-header rounded-window-top -->
          <div class="main-panel-content rounded-window-bottom">
            <div class="times-div">
              <script type="text/javascript">
suiteTableInitFunctions.push('tableData_nopCommerce_Regression_Test_Suite');
function tableData_nopCommerce_Regression_Test_Suite() {
var data = new google.visualization.DataTable();
data.addColumn('number', 'Number');
data.addColumn('string', 'Method');
data.addColumn('string', 'Class');
data.addColumn('number', 'Time (ms)');
data.addRows(16);
data.setCell(0, 0, 0)
data.setCell(0, 1, 'registerNewUserTest')
data.setCell(0, 2, 'com.nopcommerce.tests.RegisterPageTest')
data.setCell(0, 3, 9710);
data.setCell(1, 0, 1)
data.setCell(1, 1, 'verifyManufacturerDropDownListTest')
data.setCell(1, 2, 'com.nopcommerce.tests.SearchPageTest')
data.setCell(1, 3, 4235);
data.setCell(2, 0, 2)
data.setCell(2, 1, 'verifyRegisterPageNameTest')
data.setCell(2, 2, 'com.nopcommerce.tests.RegisterPageTest')
data.setCell(2, 3, 3060);
data.setCell(3, 0, 3)
data.setCell(3, 1, 'registerNewUserTest')
data.setCell(3, 2, 'com.nopcommerce.tests.RegisterPageTest')
data.setCell(3, 3, 2859);
data.setCell(4, 0, 4)
data.setCell(4, 1, 'registerNewUserTest')
data.setCell(4, 2, 'com.nopcommerce.tests.RegisterPageTest')
data.setCell(4, 3, 2730);
data.setCell(5, 0, 5)
data.setCell(5, 1, 'verifyLoginPageNameTest')
data.setCell(5, 2, 'com.nopcommerce.tests.LoginPageTest')
data.setCell(5, 3, 2048);
data.setCell(6, 0, 6)
data.setCell(6, 1, 'validateUserLoginTest')
data.setCell(6, 2, 'com.nopcommerce.tests.LoginPageTest')
data.setCell(6, 3, 756);
data.setCell(7, 0, 7)
data.setCell(7, 1, 'verifySearchPageNameTest')
data.setCell(7, 2, 'com.nopcommerce.tests.SearchPageTest')
data.setCell(7, 3, 664);
data.setCell(8, 0, 8)
data.setCell(8, 1, 'verifyLogoTest')
data.setCell(8, 2, 'com.nopcommerce.tests.HomePageTest')
data.setCell(8, 3, 219);
data.setCell(9, 0, 9)
data.setCell(9, 1, 'validatePageTitleTest')
data.setCell(9, 2, 'com.nopcommerce.tests.HomePageTest')
data.setCell(9, 3, 117);
data.setCell(10, 0, 10)
data.setCell(10, 1, 'verifyRegisterLinkTest')
data.setCell(10, 2, 'com.nopcommerce.tests.HomePageTest')
data.setCell(10, 3, 115);
data.setCell(11, 0, 11)
data.setCell(11, 1, 'verifyLoginLinkTest')
data.setCell(11, 2, 'com.nopcommerce.tests.HomePageTest')
data.setCell(11, 3, 68);
data.setCell(12, 0, 12)
data.setCell(12, 1, 'verifyRegisterButtonStatusTest')
data.setCell(12, 2, 'com.nopcommerce.tests.LoginPageTest')
data.setCell(12, 3, 66);
data.setCell(13, 0, 13)
data.setCell(13, 1, 'verifyManufacturesListTest')
data.setCell(13, 2, 'com.nopcommerce.tests.SearchPageTest')
data.setCell(13, 3, 58);
data.setCell(14, 0, 14)
data.setCell(14, 1, 'verifyLoginButtonStatusTest')
data.setCell(14, 2, 'com.nopcommerce.tests.LoginPageTest')
data.setCell(14, 3, 50);
data.setCell(15, 0, 15)
data.setCell(15, 1, 'logoutTest')
data.setCell(15, 2, 'com.nopcommerce.tests.LoginPageTest')
data.setCell(15, 3, 42);
window.suiteTableData['nopCommerce_Regression_Test_Suite']= { tableData: data, tableDiv: 'times-div-nopCommerce_Regression_Test_Suite'}
return data;
}
              </script>
              <span class="suite-total-time">Total running time: 26 seconds</span>
              <div id="times-div-nopCommerce_Regression_Test_Suite">
              </div> <!-- times-div-nopCommerce_Regression_Test_Suite -->
            </div> <!-- times-div -->
          </div> <!-- main-panel-content rounded-window-bottom -->
        </div> <!-- panel -->
        <div panel-name="reporter-nopCommerce_Regression_Test_Suite" class="panel">
          <div class="main-panel-header rounded-window-top">
            <span class="header-content">Reporter output for nopCommerce Regression Test Suite</span>
          </div> <!-- main-panel-header rounded-window-top -->
          <div class="main-panel-content rounded-window-bottom">
          </div> <!-- main-panel-content rounded-window-bottom -->
        </div> <!-- panel -->
        <div panel-name="ignored-methods-nopCommerce_Regression_Test_Suite" class="panel">
          <div class="main-panel-header rounded-window-top">
            <span class="header-content">0 ignored methods</span>
          </div> <!-- main-panel-header rounded-window-top -->
          <div class="main-panel-content rounded-window-bottom">
          </div> <!-- main-panel-content rounded-window-bottom -->
        </div> <!-- panel -->
        <div panel-name="chronological-nopCommerce_Regression_Test_Suite" class="panel">
          <div class="main-panel-header rounded-window-top">
            <span class="header-content">Methods in chronological order</span>
          </div> <!-- main-panel-header rounded-window-top -->
          <div class="main-panel-content rounded-window-bottom">
            <div class="chronological-class">
              <div class="chronological-class-name">com.nopcommerce.tests.LoginPageTest</div> <!-- chronological-class-name -->
              <div class="configuration-test before">
                <span class="method-name">setup</span>
                <span class="method-start">0 ms</span>
              </div> <!-- configuration-test before -->
            </div> <!-- chronological-class -->
            <div class="chronological-class">
              <div class="chronological-class-name">com.nopcommerce.tests.SearchPageTest</div> <!-- chronological-class-name -->
              <div class="configuration-test before">
                <span class="method-name">setup</span>
                <span class="method-start">0 ms</span>
              </div> <!-- configuration-test before -->
            </div> <!-- chronological-class -->
            <div class="chronological-class">
              <div class="chronological-class-name">com.nopcommerce.tests.HomePageTest</div> <!-- chronological-class-name -->
              <div class="configuration-test before">
                <span class="method-name">setup</span>
                <span class="method-start">0 ms</span>
              </div> <!-- configuration-test before -->
            </div> <!-- chronological-class -->
            <div class="chronological-class">
              <div class="chronological-class-name">com.nopcommerce.tests.RegisterPageTest</div> <!-- chronological-class-name -->
              <div class="configuration-test before">
                <span class="method-name">setup</span>
                <span class="method-start">0 ms</span>
              </div> <!-- configuration-test before -->
            </div> <!-- chronological-class -->
            <div class="chronological-class">
              <div class="chronological-class-name">com.nopcommerce.tests.HomePageTest</div> <!-- chronological-class-name -->
              <div class="test-method">
                <span class="method-name">validatePageTitleTest</span>
                <span class="method-start">10898 ms</span>
              </div> <!-- test-method -->
              <div class="test-method">
                <span class="method-name">verifyLogoTest</span>
                <span class="method-start">11250 ms</span>
              </div> <!-- test-method -->
              <div class="test-method">
                <span class="method-name">verifyRegisterLinkTest</span>
                <span class="method-start">11477 ms</span>
              </div> <!-- test-method -->
            </div> <!-- chronological-class -->
            <div class="chronological-class">
              <div class="chronological-class-name">com.nopcommerce.tests.LoginPageTest</div> <!-- chronological-class-name -->
              <div class="configuration-class before">
                <span class="method-name">loginPageSetup</span>
                <span class="method-start">11509 ms</span>
              </div> <!-- configuration-class before -->
            </div> <!-- chronological-class -->
            <div class="chronological-class">
              <div class="chronological-class-name">com.nopcommerce.tests.SearchPageTest</div> <!-- chronological-class-name -->
              <div class="configuration-class before">
                <span class="method-name">searchPageSetup</span>
                <span class="method-start">11558 ms</span>
              </div> <!-- configuration-class before -->
            </div> <!-- chronological-class -->
            <div class="chronological-class">
              <div class="chronological-class-name">com.nopcommerce.tests.RegisterPageTest</div> <!-- chronological-class-name -->
              <div class="configuration-class before">
                <span class="method-name">registerPageSetup</span>
                <span class="method-start">11564 ms</span>
              </div> <!-- configuration-class before -->
            </div> <!-- chronological-class -->
            <div class="chronological-class">
              <div class="chronological-class-name">com.nopcommerce.tests.HomePageTest</div> <!-- chronological-class-name -->
              <div class="test-method">
                <span class="method-name">verifyLoginLinkTest</span>
                <span class="method-start">11595 ms</span>
              </div> <!-- test-method -->
              <div class="configuration-test after">
                <span class="method-name">tearDown</span>
                <span class="method-start">11665 ms</span>
              </div> <!-- configuration-test after -->
            </div> <!-- chronological-class -->
            <div class="chronological-class">
              <div class="chronological-class-name">com.nopcommerce.tests.LoginPageTest</div> <!-- chronological-class-name -->
              <div class="test-method">
                <span class="method-name">verifyLoginPageNameTest</span>
                <span class="method-start">12094 ms</span>
              </div> <!-- test-method -->
            </div> <!-- chronological-class -->
            <div class="chronological-class">
              <div class="chronological-class-name">com.nopcommerce.tests.RegisterPageTest</div> <!-- chronological-class-name -->
              <div class="test-method">
                <span class="method-name">verifyRegisterPageNameTest</span>
                <span class="method-start">12141 ms</span>
              </div> <!-- test-method -->
            </div> <!-- chronological-class -->
            <div class="chronological-class">
              <div class="chronological-class-name">com.nopcommerce.tests.SearchPageTest</div> <!-- chronological-class-name -->
              <div class="test-method">
                <span class="method-name">verifySearchPageNameTest</span>
                <span class="method-start">12440 ms</span>
              </div> <!-- test-method -->
              <div class="test-method">
                <span class="method-name">verifyManufacturerDropDownListTest</span>
                <span class="method-start">13109 ms</span>
              </div> <!-- test-method -->
            </div> <!-- chronological-class -->
            <div class="chronological-class">
              <div class="chronological-class-name">com.nopcommerce.tests.LoginPageTest</div> <!-- chronological-class-name -->
              <div class="test-method">
                <span class="method-name">verifyLoginButtonStatusTest</span>
                <span class="method-start">14145 ms</span>
              </div> <!-- test-method -->
              <div class="test-method">
                <span class="method-name">verifyRegisterButtonStatusTest</span>
                <span class="method-start">14197 ms</span>
              </div> <!-- test-method -->
              <div class="test-method">
                <img src="failed.png">
                </img>
                <span class="method-name">validateUserLoginTest</span>
                <span class="method-start">14267 ms</span>
              </div> <!-- test-method -->
              <div class="test-method">
                <img src="failed.png">
                </img>
                <span class="method-name">logoutTest</span>
                <span class="method-start">15801 ms</span>
              </div> <!-- test-method -->
            </div> <!-- chronological-class -->
            <div class="chronological-class">
              <div class="chronological-class-name">com.nopcommerce.tests.RegisterPageTest</div> <!-- chronological-class-name -->
              <div class="test-method">
                <span class="method-name">registerNewUserTest(Male, John, Smith, 23, December, 1960, j@hotmail.com, Google, Test!1234)</span>
                <span class="method-start">16316 ms</span>
              </div> <!-- test-method -->
            </div> <!-- chronological-class -->
            <div class="chronological-class">
              <div class="chronological-class-name">com.nopcommerce.tests.LoginPageTest</div> <!-- chronological-class-name -->
              <div class="configuration-test after">
                <span class="method-name">tearDown</span>
                <span class="method-start">16528 ms</span>
              </div> <!-- configuration-test after -->
            </div> <!-- chronological-class -->
            <div class="chronological-class">
              <div class="chronological-class-name">com.nopcommerce.tests.SearchPageTest</div> <!-- chronological-class-name -->
              <div class="test-method">
                <span class="method-name">verifyManufacturesListTest</span>
                <span class="method-start">17348 ms</span>
              </div> <!-- test-method -->
              <div class="configuration-test after">
                <span class="method-name">tearDown</span>
                <span class="method-start">17407 ms</span>
              </div> <!-- configuration-test after -->
            </div> <!-- chronological-class -->
            <div class="chronological-class">
              <div class="chronological-class-name">com.nopcommerce.tests.RegisterPageTest</div> <!-- chronological-class-name -->
              <div class="test-method">
                <img src="failed.png">
                </img>
                <span class="method-name">registerNewUserTest(Female, Katrina, Ferguson, 12, March, 1975, k@yahoo.com, Yahoo, Test@1234)</span>
                <span class="method-start">26030 ms</span>
              </div> <!-- test-method -->
              <div class="test-method">
                <img src="failed.png">
                </img>
                <span class="method-name">registerNewUserTest(Female, Ashley, Lang, 10, June, 1980, a@google.com, Facebook, Test#1234)</span>
                <span class="method-start">29597 ms</span>
              </div> <!-- test-method -->
              <div class="configuration-test after">
                <span class="method-name">tearDown</span>
                <span class="method-start">32998 ms</span>
              </div> <!-- configuration-test after -->
          </div> <!-- main-panel-content rounded-window-bottom -->
        </div> <!-- panel -->
      </div> <!-- main-panel-root -->
    </div> <!-- wrapper -->
  </body>
</html>
